IP Upgrade report for netFPGAmini
Wed Mar 10 15:17:02 2021
Quartus Prime Version 16.0.2 Build 222 07/20/2016 SJ Standard Edition


---------------------
; Table of Contents ;
---------------------
  1. Legal Notice
  2. IP Upgrade Summary
  3. Successfully Upgraded IP Components
  4. IP Upgrade Messages



----------------
; Legal Notice ;
----------------
Copyright (C) 1991-2016 Altera Corporation. All rights reserved.
Your use of Altera Corporation's design tools, logic functions 
and other software and tools, and its AMPP partner logic 
functions, and any output files from any of the foregoing 
(including device programming or simulation files), and any 
associated documentation or information are expressly subject 
to the terms and conditions of the Altera Program License 
Subscription Agreement, the Altera Quartus Prime License Agreement,
the Altera MegaCore Function License Agreement, or other 
applicable license agreement, including, without limitation, 
that your use is for the sole purpose of programming logic 
devices manufactured by Altera and sold by Altera or its 
authorized distributors.  Please refer to the applicable 
agreement for further details.



+--------------------------------------------------------------------------------+
; IP Upgrade Summary                                                             ;
+------------------------------+-------------------------------------------------+
; IP Components Upgrade Status ; Passed - Wed Mar 10 15:17:01 2021               ;
; Quartus Prime Version        ; 16.0.2 Build 222 07/20/2016 SJ Standard Edition ;
; Revision Name                ; netFPGAmini                                     ;
; Top-level Entity Name        ; netFPGAmini                                     ;
; Family                       ; Arria II GX                                     ;
+------------------------------+-------------------------------------------------+


+----------------------------------------------------------------------------------------------------------------------------------+
; Successfully Upgraded IP Components                                                                                              ;
+-----------------+----------------+---------+-------------------------+-----------------------+-------------------------+---------+
; Entity Name     ; Component Name ; Version ; Original Source File    ; Generation File Path  ; New Source File         ; Message ;
+-----------------+----------------+---------+-------------------------+-----------------------+-------------------------+---------+
; rule_32_30      ; FIFO           ; 11.0    ; cdp/rule_32_30.qip      ; cdp/rule_32_30.v      ; cdp/rule_32_30.qip      ;         ;
; rule_32_30_fifo ; FIFO           ; 11.0    ; cdp/rule_32_30_fifo.qip ; cdp/rule_32_30_fifo.v ; cdp/rule_32_30_fifo.qip ;         ;
+-----------------+----------------+---------+-------------------------+-----------------------+-------------------------+---------+


+---------------------+
; IP Upgrade Messages ;
+---------------------+
Info (11902): Backing up file "cdp/rule_32_30.v" to "cdp/rule_32_30.BAK.v"
Info (11837): Started upgrading IP component FIFO with file "cdp/rule_32_30.v"
Info (11902): Backing up file "cdp/rule_32_30_fifo.v" to "cdp/rule_32_30_fifo.BAK.v"
Info (11837): Started upgrading IP component FIFO with file "cdp/rule_32_30_fifo.v"
Info (11131): Completed upgrading IP component FIFO with file "cdp/rule_32_30.v"
Info (11131): Completed upgrading IP component FIFO with file "cdp/rule_32_30_fifo.v"
Info (23030): Evaluation of Tcl script d:/installationsite/quartus/quartus-installtion/quartus/common/tcl/internal/ip_regen/ip_regen.tcl was successful
Info: Quartus Prime Shell was successful. 0 errors, 0 warnings
    Info: Peak virtual memory: 5152 megabytes
    Info: Processing ended: Wed Mar 10 15:17:02 2021
    Info: Elapsed time: 00:00:26
    Info: Total CPU time (on all processors): 00:00:34


