Assembler report for netFPGAmini
Mon Mar 29 19:37:50 2021
Quartus Prime Version 16.0.2 Build 222 07/20/2016 SJ Standard Edition


---------------------
; Table of Contents ;
---------------------
  1. Legal Notice
  2. Assembler Summary
  3. Assembler Settings
  4. Assembler Encrypted IP Cores Summary
  5. Assembler Generated Files
  6. Assembler Device Options: D:/InstallationSite/Quartus/lab001/in2out3/netFPGAmini-2-3_restored/netFPGAmini.sof
  7. Assembler Messages



----------------
; Legal Notice ;
----------------
Copyright (C) 1991-2016 Altera Corporation. All rights reserved.
Your use of Altera Corporation's design tools, logic functions 
and other software and tools, and its AMPP partner logic 
functions, and any output files from any of the foregoing 
(including device programming or simulation files), and any 
associated documentation or information are expressly subject 
to the terms and conditions of the Altera Program License 
Subscription Agreement, the Altera Quartus Prime License Agreement,
the Altera MegaCore Function License Agreement, or other 
applicable license agreement, including, without limitation, 
that your use is for the sole purpose of programming logic 
devices manufactured by Altera and sold by Altera or its 
authorized distributors.  Please refer to the applicable 
agreement for further details.



+---------------------------------------------------------------+
; Assembler Summary                                             ;
+-----------------------+---------------------------------------+
; Assembler Status      ; Successful - Mon Mar 29 19:37:50 2021 ;
; Revision Name         ; netFPGAmini                           ;
; Top-level Entity Name ; netFPGAmini                           ;
; Family                ; Arria II GX                           ;
; Device                ; EP2AGX45DF25C4                        ;
+-----------------------+---------------------------------------+


+----------------------------------+
; Assembler Settings               ;
+--------+---------+---------------+
; Option ; Setting ; Default Value ;
+--------+---------+---------------+


+-------------------------------------------------------------+
; Assembler Encrypted IP Cores Summary                        ;
+--------+-------------------------------------+--------------+
; Vendor ; IP Core Name                        ; License Type ;
+--------+-------------------------------------+--------------+
; Altera ; CRC Compiler (6AF7 00BC)            ; Licensed     ;
; Altera ; "Triple Speed Ethernet" (6AF7 00BD) ; Licensed     ;
; Altera ; Signal Tap (6AF7 BCE1)              ; Licensed     ;
; Altera ; Signal Tap (6AF7 BCEC)              ; Licensed     ;
+--------+-------------------------------------+--------------+


+-------------------------------------------------------------------------------------+
; Assembler Generated Files                                                           ;
+-------------------------------------------------------------------------------------+
; File Name                                                                           ;
+-------------------------------------------------------------------------------------+
; D:/InstallationSite/Quartus/lab001/in2out3/netFPGAmini-2-3_restored/netFPGAmini.sof ;
+-------------------------------------------------------------------------------------+


+---------------------------------------------------------------------------------------------------------------+
; Assembler Device Options: D:/InstallationSite/Quartus/lab001/in2out3/netFPGAmini-2-3_restored/netFPGAmini.sof ;
+----------------+----------------------------------------------------------------------------------------------+
; Option         ; Setting                                                                                      ;
+----------------+----------------------------------------------------------------------------------------------+
; Device         ; EP2AGX45DF25C4                                                                               ;
; JTAG usercode  ; 0xFFFFFFFF                                                                                   ;
; Checksum       ; 0x03830E21                                                                                   ;
+----------------+----------------------------------------------------------------------------------------------+


+--------------------+
; Assembler Messages ;
+--------------------+
Info: *******************************************************************
Info: Running Quartus Prime Assembler
    Info: Version 16.0.2 Build 222 07/20/2016 SJ Standard Edition
    Info: Processing started: Mon Mar 29 19:37:27 2021
Info: Command: quartus_asm --read_settings_files=off --write_settings_files=off netFPGAmini -c netFPGAmini
Warning (18236): Number of processors has not been specified which may cause overloading on shared machines.  Set the global assignment NUM_PARALLEL_PROCESSORS in your QSF to an appropriate value for best performance.
Info (115031): Writing out detailed assembly data for power analysis
Info (115030): Assembler is generating device programming files
Info: Quartus Prime Assembler was successful. 0 errors, 1 warning
    Info: Peak virtual memory: 5178 megabytes
    Info: Processing ended: Mon Mar 29 19:37:51 2021
    Info: Elapsed time: 00:00:24
    Info: Total CPU time (on all processors): 00:00:23


